<?xml version="1.0" encoding="UTF-8"?>
<beans xmlns:context="http://www.springframework.org/schema/context"
       xmlns:xsi="http://www.w3.org/2001/XMLSchema-instance"
       xmlns:jpa="http://www.springframework.org/schema/data/jpa"
       xmlns:task="http://www.springframework.org/schema/task"
       xmlns="http://www.springframework.org/schema/beans" xmlns:aop="http://www.springframework.org/schema/aop"
       xsi:schemaLocation="http://www.springframework.org/schema/beans http://www.springframework.org/schema/beans/spring-beans-3.1.xsd
	http://www.springframework.org/schema/context http://www.springframework.org/schema/context/spring-context-3.1.xsd http://www.springframework.org/schema/data/jpa http://www.springframework.org/schema/data/jpa/spring-jpa-1.0.xsd
       http://www.springframework.org/schema/task
        http://www.springframework.org/schema/task/spring-task-3.1.xsd http://www.springframework.org/schema/aop http://www.springframework.org/schema/aop/spring-aop.xsd">


    <context:annotation-config/>
    <!-- Root Context: defines shared resources visible to all other web components -->
    <context:component-scan base-package="org.msh.pharmadex"/>

    <!-- Enabling Spring AOP support -->
    <aop:aspectj-autoproxy />

    <jpa:repositories base-package="org.msh.pharmadex.dao"/>


    <import resource="test-db.xml"/>

    <import resource="/security-context.xml"/>


    <bean id="mailSender" class="org.springframework.mail.javamail.JavaMailSenderImpl">
        <property name="host" value="vasmtp.msh.org"/>
        <property name="port" value="25"/>
        <property name="javaMailProperties">
            <props>

                <!-- Use SMTP transport protocol -->
                <prop key="mail.transport.protocol">smtp</prop>
                <!-- Use SMTP-AUTH to authenticate to SMTP server -->
                <prop key="mail.smtp.auth">false</prop>
                <!-- Use TLS to encrypt communication with SMTP server -->
                <prop key="mail.smtp.starttls.enable">true</prop>
                <prop key="mail.debug">true</prop>
            </props>
        </property>
    </bean>


    <bean id="alertMailMessage" class="org.springframework.mail.SimpleMailMessage">
        <property name="from">
            <value>myusername@gmail.com</value>
        </property>
        <property name="to">
            <value>myusername@gmail.com</value>
        </property>
        <property name="subject" value="Alert - Exception occurred. Please investigate"/>
    </bean>


</beans>
